<?xml version="1.0" encoding="UTF-8"?>
<testsuite name="MainTest" tests="2" skipped="0" failures="0" errors="0" timestamp="2020-06-24T10:47:58" hostname="Nisheeths-MacBook-Pro.local" time="8.648">
  <properties/>
  <testcase name="loginToSite" classname="MainTest" time="1.159"/>
  <testcase name="searchForVideo" classname="MainTest" time="7.486"/>
  <system-out><![CDATA[0 [Test worker] DEBUG io.github.bonigarcia.wdm.Preferences  - Preference chrome=83 (valid until 2020-06-24 22:56:34)
3 [Test worker] DEBUG io.github.bonigarcia.wdm.Preferences  - Preference chrome83=83.0.4103.39 (valid until 2020-06-24 22:56:34)
4 [Test worker] INFO io.github.bonigarcia.wdm.WebDriverManager  - Using chromedriver 83.0.4103.39 (since Google Chrome 83 is installed in your machine)
17 [Test worker] DEBUG io.github.bonigarcia.wdm.WebDriverManager  - Driver chromedriver 83.0.4103.39 found in cache
18 [Test worker] INFO io.github.bonigarcia.wdm.WebDriverManager  - Exporting webdriver.chrome.driver as /Users/nisheeth/.m2/repository/webdriver/chromedriver/mac64/83.0.4103.39/chromedriver
1572 [Test worker] DEBUG MainTest  - Go to DDG site
2734 [Test worker] DEBUG MainTest  - key-in the search keyword(s)
]]></system-out>
  <system-err><![CDATA[Starting ChromeDriver 83.0.4103.39 (ccbf011cb2d2b19b506d844400483861342c20cd-refs/branch-heads/4103@{#416}) on port 42129
Only local connections are allowed.
Please see https://chromedriver.chromium.org/security-considerations for suggestions on keeping ChromeDriver safe.
ChromeDriver was started successfully.
Jun 24, 2020 4:17:58 PM org.openqa.selenium.remote.ProtocolHandshake createSession
INFO: Detected dialect: W3C
]]></system-err>
</testsuite>
