<?xml version="1.0" encoding="UTF-8"?>
<testsuite name="MainTest" tests="2" skipped="0" failures="0" errors="0" timestamp="2020-06-24T07:43:41" hostname="Nisheeths-MacBook-Pro.local" time="9.552">
  <properties/>
  <testcase name="loginToSite" classname="MainTest" time="2.045"/>
  <testcase name="searchForVideo" classname="MainTest" time="7.505"/>
  <system-out><![CDATA[0 [Test worker] DEBUG io.github.bonigarcia.wdm.Preferences  - Preference chrome=83 (valid until 2020-06-24 22:56:34)
3 [Test worker] DEBUG io.github.bonigarcia.wdm.Preferences  - Preference chrome83=83.0.4103.39 (valid until 2020-06-24 22:56:34)
3 [Test worker] INFO io.github.bonigarcia.wdm.WebDriverManager  - Using chromedriver 83.0.4103.39 (since Google Chrome 83 is installed in your machine)
13 [Test worker] DEBUG io.github.bonigarcia.wdm.WebDriverManager  - Driver chromedriver 83.0.4103.39 found in cache
13 [Test worker] INFO io.github.bonigarcia.wdm.WebDriverManager  - Exporting webdriver.chrome.driver as /Users/nisheeth/.m2/repository/webdriver/chromedriver/mac64/83.0.4103.39/chromedriver
1075 [Test worker] DEBUG MainTest  - In test method
3120 [Test worker] DEBUG MainTest  - Log-in here...
3122 [Test worker] DEBUG MainTest  - key-in the search
]]></system-out>
  <system-err><![CDATA[Starting ChromeDriver 83.0.4103.39 (ccbf011cb2d2b19b506d844400483861342c20cd-refs/branch-heads/4103@{#416}) on port 17411
Only local connections are allowed.
Please see https://chromedriver.chromium.org/security-considerations for suggestions on keeping ChromeDriver safe.
ChromeDriver was started successfully.
Jun 24, 2020 1:13:41 PM org.openqa.selenium.remote.ProtocolHandshake createSession
INFO: Detected dialect: W3C
]]></system-err>
</testsuite>
